Jun 1, 2020, 13:22:53 - User 5ed5012c897d724fb609f7a6 updated game A Hat in Time.
Jun 1, 2020, 13:22:53 - User 5ed5012c897d724fb609f7a6 updated game Stacking.
Jun 1, 2020, 13:22:53 - User 5ed5012c897d724fb609f7a6 updated game Kingdoms of Amalur: Reckoning™.
Jun 1, 2020, 13:22:53 - User 5ed5012c897d724fb609f7a6 updated game FEZ.
Jun 1, 2020, 13:22:53 - User 5ed5012c897d724fb609f7a6 updated game Super Blue Boy Planet.
Jun 1, 2020, 13:22:53 - User 5ed5012c897d724fb609f7a6 updated game Zeno Clash 2.
Jun 1, 2020, 13:22:53 - User 5ed5012c897d724fb609f7a6 updated game LIGHTNING RETURNS™: FINAL FANTASY® XIII.
Jun 1, 2020, 13:22:53 - User 5ed5012c897d724fb609f7a6 updated game Papers, Please.
Jun 1, 2020, 13:22:53 - User 5ed5012c897d724fb609f7a6 updated game Capsized.
Jun 1, 2020, 13:22:53 - User 5ed5012c897d724fb609f7a6 updated game Yakuza 0.
Jun 1, 2020, 13:22:53 - User 5ed5012c897d724fb609f7a6 updated game Deadly Premonition: The Director's Cut.
Jun 1, 2020, 13:22:53 - User 5ed5012c897d724fb609f7a6 updated game A Virus Named TOM.
Jun 1, 2020, 13:22:53 - User 5ed5012c897d724fb609f7a6 updated game West of Loathing.
Jun 1, 2020, 13:22:53 - User 5ed5012c897d724fb609f7a6 updated game Stealth Bastard Deluxe.
Jun 1, 2020, 13:22:53 - User 5ed5012c897d724fb609f7a6 updated game The Cat Lady.
Jun 1, 2020, 13:22:53 - User 5ed5012c897d724fb609f7a6 updated game Hollow Knight.
Jun 1, 2020, 13:22:53 - User 5ed5012c897d724fb609f7a6 updated game Layers of Fear.
Jun 1, 2020, 13:22:53 - User 5ed5012c897d724fb609f7a6 updated game Pikuniku.
Jun 1, 2020, 13:22:53 - User 5ed5012c897d724fb609f7a6 updated game Deus Ex: Human Revolution - Director's Cut.
Jun 1, 2020, 13:22:54 - User 5ed5012c897d724fb609f7a6 updated game The Binding of Isaac: Rebirth.
Jun 1, 2020, 13:22:54 - User 5ed5012c897d724fb609f7a6 updated game MANDAGON.
Jun 1, 2020, 13:22:54 - User 5ed5012c897d724fb609f7a6 updated game Mystik Belle.
Jun 1, 2020, 13:22:54 - User 5ed5012c897d724fb609f7a6 updated game Mini Ghost.
Jun 1, 2020, 13:22:54 - User 5ed5012c897d724fb609f7a6 updated game Saints Row IV.
Jun 1, 2020, 13:22:54 - User 5ed5012c897d724fb609f7a6 updated game METAL GEAR SOLID V: THE PHANTOM PAIN.
Jun 1, 2020, 13:22:54 - User 5ed5012c897d724fb609f7a6 updated game CrossCode.
Jun 1, 2020, 13:22:54 - User 5ed5012c897d724fb609f7a6 updated game Downfall.
Jun 1, 2020, 13:22:54 - User 5ed5012c897d724fb609f7a6 updated game Grand Theft Auto V.
Jun 1, 2020, 13:22:54 - User 5ed5012c897d724fb609f7a6 updated game Half-Life 2: Episode One.
Jun 1, 2020, 13:22:54 - User 5ed5012c897d724fb609f7a6 updated game The Evil Within.
Jun 1, 2020, 13:22:54 - User 5ed5012c897d724fb609f7a6 updated game GRID 2.
Jun 1, 2020, 13:22:54 - User 5ed5012c897d724fb609f7a6 updated game Book of Demons.
Jun 1, 2020, 13:22:54 - User 5ed5012c897d724fb609f7a6 updated game The Elder Scrolls V: Skyrim.
Jun 1, 2020, 13:22:54 - User 5ed5012c897d724fb609f7a6 updated game Runner3.
Jun 1, 2020, 13:22:54 - User 5ed5012c897d724fb609f7a6 updated game The Witcher® 3: Wild Hunt.
Jun 1, 2020, 13:22:54 - User 5ed5012c897d724fb609f7a6 updated game METAL SLUG 3.
Jun 1, 2020, 13:22:55 - User 5ed5012c897d724fb609f7a6 updated game Red Faction®: Armageddon™.
Jun 1, 2020, 13:22:55 - User 5ed5012c897d724fb609f7a6 updated game Pier Solar and the Great Architects.
Jun 1, 2020, 13:22:55 - User 5ed5012c897d724fb609f7a6 updated game Psychonauts.
Jun 1, 2020, 13:22:55 - User 5ed5012c897d724fb609f7a6 updated game NARUTO SHIPPUDEN: Ultimate Ninja STORM 3 Full Burst HD.
Jun 1, 2020, 13:22:55 - User 5ed5012c897d724fb609f7a6 updated game They Bleed Pixels.
Jun 1, 2020, 13:22:55 - User 5ed5012c897d724fb609f7a6 updated game Westerado: Double Barreled.
Jun 1, 2020, 13:22:55 - User 5ed5012c897d724fb609f7a6 updated game Bloodstained: Ritual of the Night.
Jun 1, 2020, 13:22:55 - User 5ed5012c897d724fb609f7a6 updated game Mimpi Dreams.
Jun 1, 2020, 13:22:55 - User 5ed5012c897d724fb609f7a6 updated game Warframe.
Jun 1, 2020, 13:22:55 - User 5ed5012c897d724fb609f7a6 updated game Scribblenauts Unlimited.
Jun 1, 2020, 13:22:55 - User 5ed5012c897d724fb609f7a6 updated game OKAMI HD / 大神 絶景版.
Jun 1, 2020, 13:22:55 - User 5ed5012c897d724fb609f7a6 updated game Beholder.
Jun 1, 2020, 13:22:55 - User 5ed5012c897d724fb609f7a6 updated game Amnesia: The Dark Descent.
Jun 1, 2020, 13:22:55 - User 5ed5012c897d724fb609f7a6 updated game Evoland 2.
Jun 1, 2020, 13:22:55 - User 5ed5012c897d724fb609f7a6 updated game Borderlands 2.
Jun 1, 2020, 13:22:56 - User 5ed5012c897d724fb609f7a6 updated game Fallout: New Vegas.
Jun 1, 2020, 13:22:56 - User 5ed5012c897d724fb609f7a6 updated game Fable Anniversary.
Jun 1, 2020, 13:22:56 - User 5ed5012c897d724fb609f7a6 updated game Terrian Saga: KR-17.
Jun 1, 2020, 13:22:56 - User 5ed5012c897d724fb609f7a6 updated game Chroma Squad.
Jun 1, 2020, 13:22:56 - User 5ed5012c897d724fb609f7a6 updated game Dropsy.
Jun 1, 2020, 13:22:56 - User 5ed5012c897d724fb609f7a6 updated game Retro City Rampage™ DX.
Jun 1, 2020, 13:22:56 - User 5ed5012c897d724fb609f7a6 updated game Odallus: The Dark Call.
Jun 1, 2020, 13:22:56 - User 5ed5012c897d724fb609f7a6 updated game L.A. Noire.
Jun 1, 2020, 13:22:56 - User 5ed5012c897d724fb609f7a6 updated game Skullgirls.
Jun 1, 2020, 13:22:56 - User 5ed5012c897d724fb609f7a6 updated game Reventure.
Jun 1, 2020, 13:22:56 - User 5ed5012c897d724fb609f7a6 updated game Murdered: Soul Suspect.
Jun 1, 2020, 13:22:56 - User 5ed5012c897d724fb609f7a6 updated game Tomb Raider.
Jun 1, 2020, 13:22:56 - User 5ed5012c897d724fb609f7a6 updated game Cook, Serve, Delicious!.
Jun 1, 2020, 13:22:57 - User 5ed5012c897d724fb609f7a6 updated game Death's Gambit.
Jun 1, 2020, 13:22:57 - User 5ed5012c897d724fb609f7a6 updated game The Walking Dead.
Jun 1, 2020, 13:22:57 - User 5ed5012c897d724fb609f7a6 updated game Burly Men at Sea.
Jun 1, 2020, 13:22:57 - User 5ed5012c897d724fb609f7a6 updated game South Park™: The Stick of Truth™.
Jun 1, 2020, 13:22:57 - User 5ed5012c897d724fb609f7a6 updated game The Vagrant.
Jun 1, 2020, 13:22:57 - User 5ed5012c897d724fb609f7a6 updated game PewDiePie: Legend of the Brofist.
Jun 1, 2020, 13:22:57 - User 5ed5012c897d724fb609f7a6 updated game Assetto Corsa.
Jun 1, 2020, 13:22:57 - User 5ed5012c897d724fb609f7a6 updated game Reus.
Jun 1, 2020, 13:22:57 - User 5ed5012c897d724fb609f7a6 updated game Lorelai.
Jun 1, 2020, 13:22:57 - User 5ed5012c897d724fb609f7a6 updated game Borderlands Game of the Year.
Jun 1, 2020, 13:22:57 - User 5ed5012c897d724fb609f7a6 updated game Hyperdimension Neptunia U: Action Unleashed.
Jun 1, 2020, 13:22:57 - User 5ed5012c897d724fb609f7a6 updated game Sekiro™: Shadows Die Twice.
Jun 1, 2020, 13:22:58 - User 5ed5012c897d724fb609f7a6 updated game Sword of the Stars: The Pit.
Jun 1, 2020, 13:22:58 - User 5ed5012c897d724fb609f7a6 updated game Machinarium.
Jun 1, 2020, 13:22:58 - User 5ed5012c897d724fb609f7a6 updated game Finding Teddy.
Jun 1, 2020, 13:22:58 - User 5ed5012c897d724fb609f7a6 updated game Left 4 Dead 2.
Jun 1, 2020, 13:22:58 - User 5ed5012c897d724fb609f7a6 updated game Knights of Pen and Paper +1 Edition.
Jun 1, 2020, 13:22:58 - User 5ed5012c897d724fb609f7a6 updated game Spelunky.
Jun 1, 2020, 13:22:58 - User 5ed5012c897d724fb609f7a6 updated game Lakeview Cabin Collection.
Jun 1, 2020, 13:22:58 - User 5ed5012c897d724fb609f7a6 updated game Super Win the Game.
Jun 1, 2020, 13:22:58 - User 5ed5012c897d724fb609f7a6 updated game Dishonored.
Jun 1, 2020, 13:22:58 - User 5ed5012c897d724fb609f7a6 updated game DARK SOULS™ II: Scholar of the First Sin.
Jun 1, 2020, 13:22:58 - User 5ed5012c897d724fb609f7a6 updated game Antenna.
Jun 1, 2020, 13:22:58 - User 5ed5012c897d724fb609f7a6 updated game Batman: Arkham City - Game of the Year Edition.
Jun 1, 2020, 13:22:58 - User 5ed5012c897d724fb609f7a6 updated game Legend of Grimrock 2.
Jun 1, 2020, 13:22:58 - User 5ed5012c897d724fb609f7a6 updated game Wings of Vi.
Jun 1, 2020, 13:22:59 - User 5ed5012c897d724fb609f7a6 updated game Hotline Miami.
Jun 1, 2020, 13:22:59 - User 5ed5012c897d724fb609f7a6 updated game Symphony.
Jun 1, 2020, 13:22:59 - User 5ed5012c897d724fb609f7a6 updated game Little Nightmares.
Jun 1, 2020, 13:22:59 - User 5ed5012c897d724fb609f7a6 updated game Kindergarten.
Jun 1, 2020, 13:22:59 - User 5ed5012c897d724fb609f7a6 updated game Sonic Generations Collection.
Jun 1, 2020, 13:22:59 - User 5ed5012c897d724fb609f7a6 updated game Moonlighter.
Jun 1, 2020, 13:22:59 - User 5ed5012c897d724fb609f7a6 updated game Craft The World.
Jun 1, 2020, 13:22:59 - User 5ed5012c897d724fb609f7a6 updated game Borderless Gaming.
Jun 1, 2020, 13:22:59 - User 5ed5012c897d724fb609f7a6 updated game Anodyne.
Jun 1, 2020, 13:22:59 - User 5ed5012c897d724fb609f7a6 updated game Epistory - Typing Chronicles.
Jun 1, 2020, 13:22:59 - User 5ed5012c897d724fb609f7a6 updated game LIMBO.
Jun 1, 2020, 13:22:59 - User 5ed5012c897d724fb609f7a6 updated game Half Minute Hero: Super Mega Neo Climax Ultimate Boy.
Jun 1, 2020, 13:22:59 - User 5ed5012c897d724fb609f7a6 updated game Terraria.
Jun 1, 2020, 13:22:59 - User 5ed5012c897d724fb609f7a6 updated game Rochard.
Jun 1, 2020, 13:23:00 - User 5ed5012c897d724fb609f7a6 updated game DARK SOULS™ II.
Jun 1, 2020, 13:23:00 - User 5ed5012c897d724fb609f7a6 updated game Journey of a Roach.
Jun 1, 2020, 13:23:00 - User 5ed5012c897d724fb609f7a6 updated game Kholat.
Jun 1, 2020, 13:23:00 - User 5ed5012c897d724fb609f7a6 updated game Violett Remastered.
Jun 1, 2020, 13:23:00 - User 5ed5012c897d724fb609f7a6 updated game The Binding of Isaac.
Jun 1, 2020, 13:23:00 - User 5ed5012c897d724fb609f7a6 updated game Diaries of a Spaceport Janitor.
Jun 1, 2020, 13:23:00 - User 5ed5012c897d724fb609f7a6 updated game LISA.
Jun 1, 2020, 13:23:00 - User 5ed5012c897d724fb609f7a6 updated game Serious Sam HD: The First Encounter.
Jun 1, 2020, 13:23:00 - User 5ed5012c897d724fb609f7a6 updated game HITMAN™ 2.
Jun 1, 2020, 13:23:00 - User 5ed5012c897d724fb609f7a6 updated game La-Mulana.
Jun 1, 2020, 13:23:00 - User 5ed5012c897d724fb609f7a6 updated game HuniePop.
Jun 1, 2020, 13:23:00 - User 5ed5012c897d724fb609f7a6 updated game Botanicula.
Jun 1, 2020, 13:23:01 - User 5ed5012c897d724fb609f7a6 updated game Shantae: Risky's Revenge - Director's Cut.
Jun 1, 2020, 13:23:01 - User 5ed5012c897d724fb609f7a6 updated game Mad Max.
Jun 1, 2020, 13:23:01 - User 5ed5012c897d724fb609f7a6 updated game RiME.
Jun 1, 2020, 13:23:01 - User 5ed5012c897d724fb609f7a6 updated game METAL GEAR SOLID V: GROUND ZEROES.
Jun 1, 2020, 13:23:01 - User 5ed5012c897d724fb609f7a6 updated game Mark of the Ninja.
Jun 1, 2020, 13:23:01 - User 5ed5012c897d724fb609f7a6 updated game Punch Club.
Jun 1, 2020, 13:23:01 - User 5ed5012c897d724fb609f7a6 updated game Castlevania: Lords of Shadow – Mirror of Fate HD.
Jun 1, 2020, 13:23:01 - User 5ed5012c897d724fb609f7a6 updated game LEGO® Worlds.
Jun 1, 2020, 13:23:01 - User 5ed5012c897d724fb609f7a6 updated game ENSLAVED™: Odyssey to the West™ Premium Edition.
Jun 1, 2020, 13:23:01 - User 5ed5012c897d724fb609f7a6 updated game The Count Lucanor.
Jun 1, 2020, 13:23:01 - User 5ed5012c897d724fb609f7a6 updated game Castlevania: Lords of Shadow – Ultimate Edition.
Jun 1, 2020, 13:23:01 - User 5ed5012c897d724fb609f7a6 updated game Thomas Was Alone.
Jun 1, 2020, 13:23:01 - User 5ed5012c897d724fb609f7a6 updated game Beast Boxing Turbo.
Jun 1, 2020, 13:23:02 - User 5ed5012c897d724fb609f7a6 updated game Half-Life 2: Episode Two.
Jun 1, 2020, 13:23:02 - User 5ed5012c897d724fb609f7a6 updated game Reigns.
Jun 1, 2020, 13:23:02 - User 5ed5012c897d724fb609f7a6 updated game WORLD OF FINAL FANTASY®.
Jun 1, 2020, 13:23:02 - User 5ed5012c897d724fb609f7a6 updated game La-Mulana 2.
Jun 1, 2020, 13:23:02 - User 5ed5012c897d724fb609f7a6 updated game Shovel Knight: Treasure Trove.
Jun 1, 2020, 13:23:02 - User 5ed5012c897d724fb609f7a6 updated game Oxygen Not Included.
Jun 1, 2020, 13:23:02 - User 5ed5012c897d724fb609f7a6 updated game Darkest Dungeon®.
Jun 1, 2020, 13:23:02 - User 5ed5012c897d724fb609f7a6 updated game Brutal Legend.
Jun 1, 2020, 13:23:03 - User 5ed5012c897d724fb609f7a6 updated game Cuphead.
Jun 1, 2020, 13:23:03 - User 5ed5012c897d724fb609f7a6 updated game Evoland.
Jun 1, 2020, 13:23:03 - User 5ed5012c897d724fb609f7a6 updated game FIST OF AWESOME.
Jun 1, 2020, 13:23:03 - User 5ed5012c897d724fb609f7a6 updated game FINAL FANTASY® XIII-2.
Jun 1, 2020, 13:23:03 - User 5ed5012c897d724fb609f7a6 updated game Kio's Adventure.
Jun 1, 2020, 13:23:03 - User 5ed5012c897d724fb609f7a6 updated game Closure.
Jun 1, 2020, 13:23:03 - User 5ed5012c897d724fb609f7a6 updated game Castle In The Darkness.
Jun 1, 2020, 13:23:03 - User 5ed5012c897d724fb609f7a6 updated game Super House of Dead Ninjas.
Jun 1, 2020, 13:23:03 - User 5ed5012c897d724fb609f7a6 updated game Shantae and the Pirate's Curse.
Jun 1, 2020, 13:23:03 - User 5ed5012c897d724fb609f7a6 updated game FINAL FANTASY XV WINDOWS EDITION.
Jun 1, 2020, 13:23:03 - User 5ed5012c897d724fb609f7a6 updated game Mortal Kombat Komplete Edition.
Jun 1, 2020, 13:23:03 - User 5ed5012c897d724fb609f7a6 updated game DARK SOULS™: Prepare To Die™ Edition.
Jun 1, 2020, 13:23:03 - User 5ed5012c897d724fb609f7a6 updated game BioShock Infinite.
Jun 1, 2020, 13:23:03 - User 5ed5012c897d724fb609f7a6 updated game Path of Exile.
Jun 1, 2020, 13:23:04 - User 5ed5012c897d724fb609f7a6 updated game Quantum Conundrum.
Jun 1, 2020, 13:23:04 - User 5ed5012c897d724fb609f7a6 updated game Saints Row: The Third.
Jun 1, 2020, 13:23:04 - User 5ed5012c897d724fb609f7a6 updated game Starbound.
Jun 1, 2020, 13:23:04 - User 5ed5012c897d724fb609f7a6 updated game The Walking Dead: Season Two.
Jun 1, 2020, 13:23:04 - User 5ed5012c897d724fb609f7a6 updated game Resident Evil / biohazard HD REMASTER.
Jun 1, 2020, 13:23:04 - User 5ed5012c897d724fb609f7a6 updated game Risk of Rain.
Jun 1, 2020, 13:23:04 - User 5ed5012c897d724fb609f7a6 updated game Shadow Warrior.
Jun 1, 2020, 13:23:04 - User 5ed5012c897d724fb609f7a6 updated game YUMENIKKI -DREAM DIARY-.
Jun 1, 2020, 13:23:04 - User 5ed5012c897d724fb609f7a6 updated game Shantae: Half-Genie Hero.
Jun 1, 2020, 13:23:04 - User 5ed5012c897d724fb609f7a6 updated game Headsnatchers.
Jun 1, 2020, 13:23:05 - User 5ed5012c897d724fb609f7a6 updated game DOOM.
Jun 1, 2020, 13:23:05 - User 5ed5012c897d724fb609f7a6 updated game Snapshot.
Jun 1, 2020, 13:23:05 - User 5ed5012c897d724fb609f7a6 updated game You Have to Win the Game.
Jun 1, 2020, 13:23:05 - User 5ed5012c897d724fb609f7a6 updated game Goat Simulator.
Jun 1, 2020, 13:23:05 - User 5ed5012c897d724fb609f7a6 updated game Braid.
Jun 1, 2020, 13:23:05 - User 5ed5012c897d724fb609f7a6 updated game Unturned.
Jun 1, 2020, 13:23:05 - User 5ed5012c897d724fb609f7a6 updated game Trine 2: Complete Story.
Jun 1, 2020, 13:23:05 - User 5ed5012c897d724fb609f7a6 updated game Age of Wonders III.
Jun 1, 2020, 13:23:05 - User 5ed5012c897d724fb609f7a6 updated game PAC-MAN™ Championship Edition DX+.
Jun 1, 2020, 13:23:05 - User 5ed5012c897d724fb609f7a6 updated game Borderlands: The Pre-Sequel.
Jun 1, 2020, 13:23:05 - User 5ed5012c897d724fb609f7a6 updated game Bloody Walls.
Jun 1, 2020, 13:23:05 - User 5ed5012c897d724fb609f7a6 updated game The Messenger.
Jun 1, 2020, 13:23:06 - User 5ed5012c897d724fb609f7a6 updated game Factorio.
Jun 1, 2020, 13:23:06 - User 5ed5012c897d724fb609f7a6 updated game ARK: Survival Evolved.
Jun 1, 2020, 13:23:06 - User 5ed5012c897d724fb609f7a6 updated game DEADBOLT.
Jun 1, 2020, 13:23:06 - User 5ed5012c897d724fb609f7a6 updated game Minit.
Jun 1, 2020, 13:23:06 - User 5ed5012c897d724fb609f7a6 updated game The Witcher 2: Assassins of Kings Enhanced Edition.
Jun 1, 2020, 13:23:06 - User 5ed5012c897d724fb609f7a6 updated game Yooka-Laylee.
Jun 1, 2020, 13:23:06 - User 5ed5012c897d724fb609f7a6 updated game NieR:Automata™.
Jun 1, 2020, 13:23:06 - User 5ed5012c897d724fb609f7a6 updated game Cities: Skylines.
Jun 1, 2020, 13:23:06 - User 5ed5012c897d724fb609f7a6 updated game Hellblade: Senua's Sacrifice.
Jun 1, 2020, 13:23:06 - User 5ed5012c897d724fb609f7a6 updated game Fallout 4.
Jun 1, 2020, 13:23:06 - User 5ed5012c897d724fb609f7a6 updated game Woodle Tree Adventures.
Jun 1, 2020, 13:23:07 - User 5ed5012c897d724fb609f7a6 updated game Half-Life 2.
Jun 1, 2020, 13:23:07 - User 5ed5012c897d724fb609f7a6 updated game Styx: Master of Shadows.
Jun 1, 2020, 13:23:07 - User 5ed5012c897d724fb609f7a6 updated game Intrusion 2.
Jun 1, 2020, 13:23:07 - User 5ed5012c897d724fb609f7a6 updated game Life is Strange - Episode 1.
Jun 1, 2020, 13:23:07 - User 5ed5012c897d724fb609f7a6 updated game Rogue Legacy.
Jun 1, 2020, 13:23:07 - User 5ed5012c897d724fb609f7a6 updated game DLC Quest.
Jun 1, 2020, 13:23:07 - User 5ed5012c897d724fb609f7a6 updated game Lakeview Valley.
Jun 1, 2020, 13:23:07 - User 5ed5012c897d724fb609f7a6 updated game MONSTER HUNTER: WORLD.
Jun 1, 2020, 13:23:07 - User 5ed5012c897d724fb609f7a6 updated game Counter-Strike: Global Offensive.
Jun 1, 2020, 13:23:07 - User 5ed5012c897d724fb609f7a6 updated game Portal 2.
Jun 1, 2020, 13:23:07 - User 5ed5012c897d724fb609f7a6 updated game Darksiders Warmastered Edition.
Jun 1, 2020, 13:23:07 - User 5ed5012c897d724fb609f7a6 updated game Duke Nukem Forever.
Jun 1, 2020, 13:23:08 - User 5ed5012c897d724fb609f7a6 updated game The Wolf Among Us.
Jun 1, 2020, 13:23:08 - User 5ed5012c897d724fb609f7a6 updated game Shadow Warrior 2.
Jun 1, 2020, 13:23:08 - User 5ed5012c897d724fb609f7a6 updated game Bloodstained: Curse of the Moon.
Jun 1, 2020, 13:23:08 - User 5ed5012c897d724fb609f7a6 updated game The Basement Collection.
Jun 1, 2020, 13:23:08 - User 5ed5012c897d724fb609f7a6 updated game FINAL FANTASY VII.
Jun 1, 2020, 13:23:08 - User 5ed5012c897d724fb609f7a6 updated game Pony Island.
Jun 1, 2020, 13:23:08 - User 5ed5012c897d724fb609f7a6 updated game Guacamelee! Gold Edition.
Jun 1, 2020, 13:23:08 - User 5ed5012c897d724fb609f7a6 updated game Worms Crazy Golf.
Jun 1, 2020, 13:23:08 - User 5ed5012c897d724fb609f7a6 updated game Bastion.
Jun 1, 2020, 13:23:08 - User 5ed5012c897d724fb609f7a6 updated game Pixel Piracy.
Jun 1, 2020, 13:23:09 - User 5ed5012c897d724fb609f7a6 updated game The Darkness II.
Jun 1, 2020, 13:23:09 - User 5ed5012c897d724fb609f7a6 updated game Hell Yeah! Wrath of the Dead Rabbit.
Jun 1, 2020, 13:23:09 - User 5ed5012c897d724fb609f7a6 updated game FINAL FANTASY XII THE ZODIAC AGE.
Jun 1, 2020, 13:23:09 - User 5ed5012c897d724fb609f7a6 updated game Kingdom Rush.
Jun 1, 2020, 13:23:09 - User 5ed5012c897d724fb609f7a6 updated game Cube Escape: Paradox.
Jun 1, 2020, 13:23:09 - User 5ed5012c897d724fb609f7a6 updated game Secrets of Grindea.
Jun 1, 2020, 13:23:09 - User 5ed5012c897d724fb609f7a6 updated game OCTOPATH TRAVELER™.
Jun 1, 2020, 13:23:09 - User 5ed5012c897d724fb609f7a6 updated game BIT.TRIP Presents... Runner2: Future Legend of Rhythm Alien.
Jun 1, 2020, 13:23:09 - User 5ed5012c897d724fb609f7a6 updated game AdVenture Capitalist.
Jun 1, 2020, 13:23:09 - User 5ed5012c897d724fb609f7a6 updated game Stardew Valley.
Jun 1, 2020, 13:23:09 - User 5ed5012c897d724fb609f7a6 updated game Organ Trail: Director's Cut.
Jun 1, 2020, 13:23:09 - User 5ed5012c897d724fb609f7a6 updated game The Stanley Parable.
Jun 1, 2020, 13:23:09 - User 5ed5012c897d724fb609f7a6 updated game MOBIUS FINAL FANTASY™.
Jun 1, 2020, 13:23:09 - User 5ed5012c897d724fb609f7a6 updated game Sonic & All-Stars Racing Transformed Collection.
Jun 1, 2020, 13:23:09 - User 5ed5012c897d724fb609f7a6 updated game Oddworld: New 'n' Tasty.
Jun 1, 2020, 13:23:09 - User 5ed5012c897d724fb609f7a6 updated game Drop Alive.
Jun 1, 2020, 13:23:10 - User 5ed5012c897d724fb609f7a6 updated game Alan Wake.
Jun 1, 2020, 13:23:10 - User 5ed5012c897d724fb609f7a6 updated game Cave Story+.
Jun 1, 2020, 13:23:10 - User 5ed5012c897d724fb609f7a6 updated game EDGE.
Jun 1, 2020, 13:23:10 - User 5ed5012c897d724fb609f7a6 updated game Sonic Lost World.
Jun 1, 2020, 13:23:10 - User 5ed5012c897d724fb609f7a6 updated game RAGE.
Jun 1, 2020, 13:23:10 - User 5ed5012c897d724fb609f7a6 updated game Ori and the Blind Forest.
Jun 1, 2020, 13:23:10 - User 5ed5012c897d724fb609f7a6 updated game Kindergarten 2.
Jun 1, 2020, 13:23:10 - User 5ed5012c897d724fb609f7a6 updated game Spyro™ Reignited Trilogy.
Jun 1, 2020, 13:23:10 - User 5ed5012c897d724fb609f7a6 updated game MudRunner.
Jun 1, 2020, 13:23:11 - User 5ed5012c897d724fb609f7a6 updated game Slay the Spire.
Jun 1, 2020, 13:23:11 - User 5ed5012c897d724fb609f7a6 updated game Superbrothers: Sword & Sworcery EP.
Jun 1, 2020, 13:23:11 - User 5ed5012c897d724fb609f7a6 updated game FINAL FANTASY X/X-2 HD Remaster.
Jun 1, 2020, 13:23:11 - User 5ed5012c897d724fb609f7a6 updated game Aground.
Jun 1, 2020, 13:23:11 - User 5ed5012c897d724fb609f7a6 updated game Dead Cells.
Jun 1, 2020, 13:23:12 - User 5ed5012c897d724fb609f7a6 updated game The Evil Within 2.
Jun 1, 2020, 13:23:12 - User 5ed5012c897d724fb609f7a6 updated game Squidlit.
Jun 1, 2020, 13:23:12 - User 5ed5012c897d724fb609f7a6 updated game Super Dungeon Boy.
Jun 1, 2020, 13:23:12 - User 5ed5012c897d724fb609f7a6 updated game My Time At Portia.
Jun 1, 2020, 13:23:12 - User 5ed5012c897d724fb609f7a6 updated game Turok 2: Seeds of Evil.
Jun 1, 2020, 13:23:12 - User 5ed5012c897d724fb609f7a6 updated game Delver.
Jun 1, 2020, 13:23:12 - User 5ed5012c897d724fb609f7a6 updated game Shank 2.
Jun 1, 2020, 13:23:12 - User 5ed5012c897d724fb609f7a6 updated game Spintires®.
Jun 1, 2020, 13:23:13 - User 5ed5012c897d724fb609f7a6 updated game No Man's Sky.
Jun 1, 2020, 13:23:13 - User 5ed5012c897d724fb609f7a6 updated game Cook, Serve, Delicious! 2!!.
Jun 1, 2020, 13:23:13 - User 5ed5012c897d724fb609f7a6 updated game One Way Heroics.
Jun 1, 2020, 13:23:13 - User 5ed5012c897d724fb609f7a6 updated game Slime Rancher.
Jun 1, 2020, 13:23:13 - User 5ed5012c897d724fb609f7a6 updated game Giana Sisters: Twisted Dreams.
Jun 1, 2020, 13:23:13 - User 5ed5012c897d724fb609f7a6 updated game Super Meat Boy.
Jun 1, 2020, 13:23:13 - User 5ed5012c897d724fb609f7a6 updated game Blameless.
Jun 1, 2020, 13:23:14 - User 5ed5012c897d724fb609f7a6 updated game Another World – 20th Anniversary Edition.
Jun 1, 2020, 13:23:14 - User 5ed5012c897d724fb609f7a6 updated game Iron Snout.
Jun 1, 2020, 13:23:14 - User 5ed5012c897d724fb609f7a6 updated game The Elder Scrolls V: Skyrim Special Edition.
Jun 1, 2020, 13:23:14 - User 5ed5012c897d724fb609f7a6 updated game The End Is Nigh.
Jun 1, 2020, 13:23:14 - User 5ed5012c897d724fb609f7a6 updated game Wuppo.
Jun 1, 2020, 13:23:14 - User 5ed5012c897d724fb609f7a6 updated game Time Clickers.
Jun 1, 2020, 13:23:14 - User 5ed5012c897d724fb609f7a6 updated game The Night of the Rabbit.
Jun 1, 2020, 13:23:14 - User 5ed5012c897d724fb609f7a6 updated game DARK SOULS™ III.
Jun 1, 2020, 13:23:16 - User 5ed5012c897d724fb609f7a6 updated game DARK SOULS™: REMASTERED.
